<?xml version="1.0" encoding="UTF-8"?>
<!-- Generated by org.testng.reporters.JUnitXMLReporter -->
<testsuite ignored="0" hostname="NUCD346" failures="0" tests="3" name="Test" time="0.075" errors="0" timestamp="2023-05-05T12:48:58 IST">
  <testcase classname="selenium_training.selenium_training.App" name="Test1" time="0.009"/>
  <testcase classname="selenium_training.selenium_training.App" name="Test2" time="0.002"/>
  <testcase classname="selenium_training.selenium_training.App" name="Test3" time="0.002"/>
</testsuite> <!-- Test -->
