<?xml version="1.0" encoding="UTF-8"?>
<!-- Generated by org.testng.reporters.JUnitXMLReporter -->
<testsuite ignored="0" hostname="NUCD346" failures="0" tests="3" name="Test1" time="0.071" errors="0" timestamp="2023-05-05T12:28:30 IST">
  <testcase classname="selenium_training.selenium_training.App" name="Test1" time="0.008"/>
  <testcase classname="selenium_training.selenium_training.App" name="Test2" time="0.004"/>
  <testcase classname="selenium_training.selenium_training.App" name="Test3" time="0.001"/>
</testsuite> <!-- Test1 -->
