<?xml version="1.0" encoding="UTF-8"?>
<testng-results ignored="0" total="1" passed="1" failed="0" skipped="0">
  <reporter-output>
  </reporter-output>
  <suite started-at="2023-05-15T17:45:22 IST" name="Default suite" finished-at="2023-05-15T17:45:22 IST" duration-ms="55">
    <groups>
    </groups>
    <test started-at="2023-05-15T17:45:22 IST" name="Default test" finished-at="2023-05-15T17:45:22 IST" duration-ms="55">
      <class name="selenium_training.selenium_training.App">
        <test-method is-config="true" signature="Test2()[pri:0, instance:selenium_training.selenium_training.App@6a400542]" started-at="2023-05-15T17:45:22 IST" name="Test2" finished-at="2023-05-15T17:45:22 IST" duration-ms="7" status="PASS">
          <reporter-output>
          </reporter-output>
        </test-method> <!-- Test2 -->
        <test-method is-config="true" signature="Method1()[pri:0, instance:selenium_training.selenium_training.App@6a400542]" started-at="2023-05-15T17:45:22 IST" name="Method1" finished-at="2023-05-15T17:45:22 IST" duration-ms="1" status="PASS">
          <reporter-output>
          </reporter-output>
        </test-method> <!-- Method1 -->
        <test-method signature="Test1()[pri:0, instance:selenium_training.selenium_training.App@6a400542]" started-at="2023-05-15T17:45:22 IST" name="Test1" finished-at="2023-05-15T17:45:22 IST" duration-ms="9" status="PASS">
          <reporter-output>
          </reporter-output>
        </test-method> <!-- Test1 -->
      </class> <!-- selenium_training.selenium_training.App -->
    </test> <!-- Default test -->
  </suite> <!-- Default suite -->
</testng-results>
